 - Level : ERROR
 - Date: 2014-11-16 11:08:20,260
 - Message: Test - Level : ERROR
 - Date: 2014-11-16 11:08:49,668
 - Message: Test - Level : ERROR
 - Date: 2014-11-16 12:15:25,451
 - Message: Attempted to divide by zero. - Level : ERROR
 - Date: 2014-11-16 12:21:04,057
 - Message: Attempted to divide by zero. - Level : ERROR
 - Date: 2014-11-16 12:23:54,768
 - Message: Attempted to divide by zero. - Level : ERROR
 - Date: 2014-11-16 12:24:10,288
 - Message: Attempted to divide by zero. - Level : ERROR
 - Date: 2014-11-16 13:23:17,630
 - Message: Attempted to divide by zero. - Level : ERROR
 - Date: 2014-11-16 13:23:40,496
 - Message: Attempted to divide by zero. - Level : ERROR
 - Date: 2014-11-16 13:28:15,327
 - Message: Attempted to divide by zero. - Level : ERROR
 - Date: 2014-11-16 13:30:27,507
 - Message: Attempted to divide by zero. - Level : ERROR
 - Date: 2014-11-16 13:30:33,881
 - Message: Attempted to divide by zero. - Level : ERROR
 - Date: 2014-11-16 15:54:30,216
 - Message: Attempted to divide by zero. - Level : ERROR
 - Date: 2014-11-16 15:54:43,765
 - Message: Attempted to divide by zero. - Level : ERROR
 - Date: 2014-11-16 15:55:32,188
 - Message: Attempted to divide by zero. - Level : ERROR
 - Date: 2014-11-16 15:56:00,032
 - Message: Attempted to divide by zero. - Level : ERROR
 - Date: 2014-11-16 15:59:56,871
 - Message: Attempted to divide by zero. - Level : ERROR
 - Date: 2014-11-16 16:01:55,017
 - Message: Attempted to divide by zero. - Level : ERROR
 - Date: 2014-11-16 16:05:37,605
 - Message: Attempted to divide by zero. - Level : ERROR
 - Date: 2014-11-16 16:08:02,405
 - Message: Attempted to divide by zero. - Level : ERROR
 - Date: 2014-11-16 16:09:27,271
 - Message: Attempted to divide by zero. - Level : ERROR
 - Date: 2014-11-16 16:09:34,963
 - Message: Attempted to divide by zero. - Level : ERROR
 - Date: 2014-11-16 16:10:32,279
 - Message: Attempted to divide by zero. - Level : ERROR
 - Date: 2014-11-16 16:18:09,801
 - Message: Attempted to divide by zero. - Level : ERROR
 - Date: 2014-11-16 16:18:54,646
 - Message: Attempted to divide by zero.